<?xml version="1.0" encoding="UTF-8"?>
<!-- Generated by org.testng.reporters.JUnitReportReporter -->
<testsuite skipped="0" hostname="OJAS-DD282" name="com.qa.dw.box.DarwinBoxtest" tests="3" failures="0" timestamp="15 Nov 2021 06:30:51 GMT" time="35.222" errors="0">
  <testcase name="Test1" time="27.645" classname="com.qa.dw.box.DarwinBoxtest"/>
  <testcase name="Test2" time="4.267" classname="com.qa.dw.box.DarwinBoxtest"/>
  <testcase name="closeBoswe" time="3.310" classname="com.qa.dw.box.DarwinBoxtest"/>
</testsuite> <!-- com.qa.dw.box.DarwinBoxtest -->
